{"C:\\Users\\mho\\IdeaProjects\\pg6301-innlevering-SimenTrovik\\client\\components\\application.jsx": {"path":"C:\\Users\\mho\\IdeaProjects\\pg6301-innlevering-SimenTrovik\\client\\components\\application.jsx","statementMap":{"0":{"start":{"line":8,"column":2},"end":{"line":18,"column":4}}},"fnMap":{"0":{"name":"Application","decl":{"start":{"line":7,"column":16},"end":{"line":7,"column":27}},"loc":{"start":{"line":7,"column":30},"end":{"line":19,"column":1}},"line":7}},"branchMap":{},"s":{"0":1},"f":{"0":1},"b":{},"_coverageSchema":"1a1c01bbd47fc00a2c39e90264f33305004495a9","hash":"7f0b09f8a7fd69b9e538cfbaa060bdf652bffa55"}
,"C:\\Users\\mho\\IdeaProjects\\pg6301-innlevering-SimenTrovik\\client\\components\\frontPage.jsx": {"path":"C:\\Users\\mho\\IdeaProjects\\pg6301-innlevering-SimenTrovik\\client\\components\\frontPage.jsx","statementMap":{"0":{"start":{"line":5,"column":2},"end":{"line":11,"column":4}}},"fnMap":{"0":{"name":"FrontPage","decl":{"start":{"line":4,"column":16},"end":{"line":4,"column":25}},"loc":{"start":{"line":4,"column":28},"end":{"line":12,"column":1}},"line":4}},"branchMap":{},"s":{"0":1},"f":{"0":1},"b":{},"_coverageSchema":"1a1c01bbd47fc00a2c39e90264f33305004495a9","hash":"6309d1ec18a71b0514099ff4768afcd105e7db46"}
,"C:\\Users\\mho\\IdeaProjects\\pg6301-innlevering-SimenTrovik\\client\\components\\question.jsx": {"path":"C:\\Users\\mho\\IdeaProjects\\pg6301-innlevering-SimenTrovik\\client\\components\\question.jsx","statementMap":{"0":{"start":{"line":5,"column":32},"end":{"line":5,"column":46}},"1":{"start":{"line":6,"column":34},"end":{"line":6,"column":46}},"2":{"start":{"line":10,"column":34},"end":{"line":10,"column":45}},"3":{"start":{"line":12,"column":2},"end":{"line":16,"column":17}},"4":{"start":{"line":13,"column":4},"end":{"line":13,"column":21}},"5":{"start":{"line":14,"column":4},"end":{"line":14,"column":49}},"6":{"start":{"line":15,"column":4},"end":{"line":15,"column":22}},"7":{"start":{"line":18,"column":2},"end":{"line":20,"column":3}},"8":{"start":{"line":19,"column":4},"end":{"line":19,"column":33}},"9":{"start":{"line":23,"column":4},"end":{"line":23,"column":27}},"10":{"start":{"line":24,"column":19},"end":{"line":24,"column":44}},"11":{"start":{"line":25,"column":19},"end":{"line":25,"column":69}},"12":{"start":{"line":26,"column":4},"end":{"line":30,"column":5}},"13":{"start":{"line":27,"column":6},"end":{"line":27,"column":21}},"14":{"start":{"line":29,"column":6},"end":{"line":29,"column":21}},"15":{"start":{"line":31,"column":4},"end":{"line":31,"column":30}},"16":{"start":{"line":34,"column":2},"end":{"line":52,"column":4}},"17":{"start":{"line":39,"column":10},"end":{"line":41,"column":11}},"18":{"start":{"line":40,"column":12},"end":{"line":40,"column":19}},"19":{"start":{"line":42,"column":10},"end":{"line":47,"column":12}}},"fnMap":{"0":{"name":"Question","decl":{"start":{"line":4,"column":16},"end":{"line":4,"column":24}},"loc":{"start":{"line":4,"column":56},"end":{"line":53,"column":1}},"line":4},"1":{"name":"(anonymous_1)","decl":{"start":{"line":12,"column":12},"end":{"line":12,"column":13}},"loc":{"start":{"line":12,"column":24},"end":{"line":16,"column":3}},"line":12},"2":{"name":"handleSubmit","decl":{"start":{"line":22,"column":17},"end":{"line":22,"column":29}},"loc":{"start":{"line":22,"column":37},"end":{"line":32,"column":3}},"line":22},"3":{"name":"(anonymous_3)","decl":{"start":{"line":38,"column":46},"end":{"line":38,"column":47}},"loc":{"start":{"line":38,"column":62},"end":{"line":48,"column":9}},"line":38}},"branchMap":{"0":{"loc":{"start":{"line":18,"column":2},"end":{"line":20,"column":3}},"type":"if","locations":[{"start":{"line":18,"column":2},"end":{"line":20,"column":3}},{"start":{},"end":{}}],"line":18},"1":{"loc":{"start":{"line":26,"column":4},"end":{"line":30,"column":5}},"type":"if","locations":[{"start":{"line":26,"column":4},"end":{"line":30,"column":5}},{"start":{"line":28,"column":11},"end":{"line":30,"column":5}}],"line":26},"2":{"loc":{"start":{"line":39,"column":10},"end":{"line":41,"column":11}},"type":"if","locations":[{"start":{"line":39,"column":10},"end":{"line":41,"column":11}},{"start":{},"end":{}}],"line":39}},"s":{"0":6,"1":6,"2":6,"3":6,"4":2,"5":2,"6":2,"7":6,"8":4,"9":0,"10":0,"11":0,"12":0,"13":0,"14":0,"15":0,"16":2,"17":12,"18":4,"19":8},"f":{"0":6,"1":2,"2":0,"3":12},"b":{"0":[4,2],"1":[0,0],"2":[4,8]},"_coverageSchema":"1a1c01bbd47fc00a2c39e90264f33305004495a9","hash":"ea02efc18eb22ae061fec635e80abc0b5c34fac2"}
,"C:\\Users\\mho\\IdeaProjects\\pg6301-innlevering-SimenTrovik\\client\\components\\quizPage.jsx": {"path":"C:\\Users\\mho\\IdeaProjects\\pg6301-innlevering-SimenTrovik\\client\\components\\quizPage.jsx","statementMap":{"0":{"start":{"line":7,"column":32},"end":{"line":7,"column":43}},"1":{"start":{"line":10,"column":4},"end":{"line":10,"column":28}},"2":{"start":{"line":13,"column":2},"end":{"line":20,"column":4}}},"fnMap":{"0":{"name":"QuizPage","decl":{"start":{"line":6,"column":16},"end":{"line":6,"column":24}},"loc":{"start":{"line":6,"column":42},"end":{"line":21,"column":1}},"line":6},"1":{"name":"addToCounter","decl":{"start":{"line":9,"column":11},"end":{"line":9,"column":23}},"loc":{"start":{"line":9,"column":26},"end":{"line":11,"column":3}},"line":9}},"branchMap":{},"s":{"0":1,"1":0,"2":1},"f":{"0":1,"1":0},"b":{},"_coverageSchema":"1a1c01bbd47fc00a2c39e90264f33305004495a9","hash":"f28c24d5419294417aba9260d9e15ae365de5d6f"}
}
