TN:
SF:components\application.jsx
FN:7,Application
FNF:1
FNH:1
FNDA:1,Application
DA:8,1
LF:1
LH:1
BRF:0
BRH:0
end_of_record
TN:
SF:components\frontPage.jsx
FN:4,FrontPage
FNF:1
FNH:1
FNDA:1,FrontPage
DA:5,1
LF:1
LH:1
BRF:0
BRH:0
end_of_record
TN:
SF:components\question.jsx
FN:4,Question
FN:12,(anonymous_1)
FN:22,handleSubmit
FN:38,(anonymous_3)
FNF:4
FNH:3
FNDA:6,Question
FNDA:2,(anonymous_1)
FNDA:0,handleSubmit
FNDA:12,(anonymous_3)
DA:5,6
DA:6,6
DA:10,6
DA:12,6
DA:13,2
DA:14,2
DA:15,2
DA:18,6
DA:19,4
DA:23,0
DA:24,0
DA:25,0
DA:26,0
DA:27,0
DA:29,0
DA:31,0
DA:34,2
DA:39,12
DA:40,4
DA:42,8
LF:20
LH:13
BRDA:18,0,0,4
BRDA:18,0,1,2
BRDA:26,1,0,0
BRDA:26,1,1,0
BRDA:39,2,0,4
BRDA:39,2,1,8
BRF:6
BRH:4
end_of_record
TN:
SF:components\quizPage.jsx
FN:6,QuizPage
FN:9,addToCounter
FNF:2
FNH:1
FNDA:1,QuizPage
FNDA:0,addToCounter
DA:7,1
DA:10,0
DA:13,1
LF:3
LH:2
BRF:0
BRH:0
end_of_record
